<?xml version="1.0" encoding="UTF-8"?>
<!-- Generated by org.testng.reporters.JUnitReportReporter -->
<testsuite skipped="0" hostname="DESKTOP-MPL4FM9" name="tests.TestCase1" tests="1" failures="0" timestamp="30 Jan 2020 17:40:45 GMT" time="25.705" errors="0">
  <testcase name="Openbrowser" time="25.705" classname="tests.TestCase1"/>
</testsuite> <!-- tests.TestCase1 -->
